<?xml version="1.0" encoding="UTF-8"?>
<testsuite name="me.dyjeong365.springbootdeveloper.SpringbootDeveloperApplicationTests" tests="1" skipped="0" failures="0" errors="0" timestamp="2024-01-11T01:02:37" hostname="M1.local" time="0.106">
  <properties/>
  <testcase name="contextLoads()" classname="me.dyjeong365.springbootdeveloper.SpringbootDeveloperApplicationTests" time="0.106"/>
  <system-out><![CDATA[10:02:35.860 [Test worker] DEBUG org.springframework.boot.test.context.SpringBootTestContextBootstrapper - Neither @ContextConfiguration nor @ContextHierarchy found for test class [SpringbootDeveloperApplicationTests]: using SpringBootContextLoader
10:02:35.863 [Test worker] DEBUG org.springframework.test.context.support.AbstractContextLoader - Could not detect default resource locations for test class [me.dyjeong365.springbootdeveloper.SpringbootDeveloperApplicationTests]: no resource found for suffixes {-context.xml, Context.groovy}.
10:02:35.863 [Test worker] INFO org.springframework.test.context.support.AnnotationConfigContextLoaderUtils - Could not detect default configuration classes for test class [me.dyjeong365.springbootdeveloper.SpringbootDeveloperApplicationTests]: SpringbootDeveloperApplicationTests does not declare any static, non-private, non-final, nested classes annotated with @Configuration.
10:02:35.874 [Test worker] DEBUG org.springframework.boot.test.context.SpringBootTestContextBootstrapper - Using ContextCustomizers for test class [SpringbootDeveloperApplicationTests]: [DisableObservabilityContextCustomizer, PropertyMappingContextCustomizer, Customizer, ExcludeFilterContextCustomizer, DuplicateJsonObjectContextCustomizer, MockitoContextCustomizer, TestRestTemplateContextCustomizer]
10:02:35.910 [Test worker] DEBUG org.springframework.context.annotation.ClassPathScanningCandidateComponentProvider - Identified candidate component class: file [/Users/hwagoon/Documents/springboot-developer/build/classes/java/main/me/dyjeong365/springbootdeveloper/SpringbootDeveloperApplication.class]
10:02:35.911 [Test worker] INFO org.springframework.boot.test.context.SpringBootTestContextBootstrapper - Found @SpringBootConfiguration me.dyjeong365.springbootdeveloper.SpringbootDeveloperApplication for test class me.dyjeong365.springbootdeveloper.SpringbootDeveloperApplicationTests
10:02:35.954 [Test worker] DEBUG org.springframework.boot.test.context.SpringBootTestContextBootstrapper - Using TestExecutionListeners for test class [SpringbootDeveloperApplicationTests]: [ServletTestExecutionListener, DirtiesContextBeforeModesTestExecutionListener, ApplicationEventsTestExecutionListener, MockitoTestExecutionListener, DependencyInjectionTestExecutionListener, DirtiesContextTestExecutionListener, TransactionalTestExecutionListener, SqlScriptsTestExecutionListener, WithSecurityContextTestExecutionListener, EventPublishingTestExecutionListener, ReactorContextTestExecutionListener, RestDocsTestExecutionListener, MockRestServiceServerResetTestExecutionListener, MockMvcPrintOnlyOnFailureTestExecutionListener, WebDriverTestExecutionListener, MockWebServiceServerTestExecutionListener, ResetMocksTestExecutionListener]
10:02:35.955 [Test worker] DEBUG org.springframework.test.context.support.AbstractDirtiesContextTestExecutionListener - Before test class: class [SpringbootDeveloperApplicationTests], class annotated with @DirtiesContext [false] with mode [null]

  .   ____          _            __ _ _
 /\\ / ___'_ __ _ _(_)_ __  __ _ \ \ \ \
( ( )\___ | '_ | '_| | '_ \/ _` | \ \ \ \
 \\/  ___)| |_)| | | | | || (_| |  ) ) ) )
  '  |____| .__|_| |_|_| |_\__, | / / / /
 =========|_|==============|___/=/_/_/_/
 :: Spring Boot ::                (v3.0.2)

2024-01-11T10:02:36.099+09:00  INFO 2901 --- [    Test worker] .d.s.SpringbootDeveloperApplicationTests : Starting SpringbootDeveloperApplicationTests using Java 17.0.8 with PID 2901 (started by hwagoon in /Users/hwagoon/Documents/springboot-developer)
2024-01-11T10:02:36.100+09:00  INFO 2901 --- [    Test worker] .d.s.SpringbootDeveloperApplicationTests : No active profile set, falling back to 1 default profile: "default"
2024-01-11T10:02:36.402+09:00  INFO 2901 --- [    Test worker] .s.d.r.c.RepositoryConfigurationDelegate : Bootstrapping Spring Data JPA repositories in DEFAULT mode.
2024-01-11T10:02:36.430+09:00  INFO 2901 --- [    Test worker] .s.d.r.c.RepositoryConfigurationDelegate : Finished Spring Data repository scanning in 23 ms. Found 3 JPA repository interfaces.
2024-01-11T10:02:36.643+09:00  INFO 2901 --- [    Test worker] com.zaxxer.hikari.HikariDataSource       : HikariPool-1 - Starting...
2024-01-11T10:02:36.738+09:00  INFO 2901 --- [    Test worker] com.zaxxer.hikari.pool.HikariPool        : HikariPool-1 - Added connection conn0: url=jdbc:h2:mem:8ffaa93a-2bc1-46c5-a8ee-ac1806a09c9d user=SA
2024-01-11T10:02:36.739+09:00  INFO 2901 --- [    Test worker] com.zaxxer.hikari.HikariDataSource       : HikariPool-1 - Start completed.
2024-01-11T10:02:36.761+09:00  INFO 2901 --- [    Test worker] o.hibernate.jpa.internal.util.LogHelper  : HHH000204: Processing PersistenceUnitInfo [name: default]
2024-01-11T10:02:36.784+09:00  INFO 2901 --- [    Test worker] org.hibernate.Version                    : HHH000412: Hibernate ORM core version 6.1.6.Final
2024-01-11T10:02:36.862+09:00  WARN 2901 --- [    Test worker] org.hibernate.orm.deprecation            : HHH90000021: Encountered deprecated setting [javax.persistence.sharedCache.mode], use [jakarta.persistence.sharedCache.mode] instead
2024-01-11T10:02:36.926+09:00  INFO 2901 --- [    Test worker] SQL dialect                              : HHH000400: Using dialect: org.hibernate.dialect.H2Dialect
Hibernate: 
    
    drop table if exists article cascade 
Hibernate: 
    
    drop table if exists refresh_token cascade 
Hibernate: 
    
    drop table if exists users cascade 
Hibernate: 
    
    create table article (
       id bigint generated by default as identity,
        author varchar(255) not null,
        content varchar(255) not null,
        created_at timestamp(6),
        title varchar(255) not null,
        updated_at timestamp(6),
        primary key (id)
    )
Hibernate: 
    
    create table refresh_token (
       id bigint generated by default as identity,
        refresh_token varchar(255) not null,
        user_id bigint not null,
        primary key (id)
    )
Hibernate: 
    
    create table users (
       id bigint generated by default as identity,
        email varchar(255),
        nickname varchar(255),
        password varchar(255),
        primary key (id)
    )
Hibernate: 
    
    alter table if exists refresh_token 
       add constraint UK_f95ixxe7pa48ryn1awmh2evt7 unique (user_id)
Hibernate: 
    
    alter table if exists users 
       add constraint UK_6dotkott2kjsp8vw4d0m25fb7 unique (email)
Hibernate: 
    
    alter table if exists users 
       add constraint UK_2ty1xmrrgtn89xt7kyxx6ta7h unique (nickname)
2024-01-11T10:02:37.320+09:00  INFO 2901 --- [    Test worker] o.h.e.t.j.p.i.JtaPlatformInitiator       : HHH000490: Using JtaPlatform implementation: [org.hibernate.engine.transaction.jta.platform.internal.NoJtaPlatform]
2024-01-11T10:02:37.325+09:00  INFO 2901 --- [    Test worker] j.LocalContainerEntityManagerFactoryBean : Initialized JPA EntityManagerFactory for persistence unit 'default'
2024-01-11T10:02:37.545+09:00  WARN 2901 --- [    Test worker] JpaBaseConfiguration$JpaWebConfiguration : spring.jpa.open-in-view is enabled by default. Therefore, database queries may be performed during view rendering. Explicitly configure spring.jpa.open-in-view to disable this warning
2024-01-11T10:02:37.746+09:00  INFO 2901 --- [    Test worker] o.s.s.web.DefaultSecurityFilterChain     : Will secure any request with [org.springframework.security.web.session.DisableEncodeUrlFilter@1f05d08c, org.springframework.security.web.context.request.async.WebAsyncManagerIntegrationFilter@2c6d442d, org.springframework.security.web.context.SecurityContextHolderFilter@1002f859, org.springframework.security.web.header.HeaderWriterFilter@3f3a529f, org.springframework.security.web.authentication.logout.LogoutFilter@6afb240d, org.springframework.security.oauth2.client.web.OAuth2AuthorizationRequestRedirectFilter@445c693, org.springframework.security.oauth2.client.web.OAuth2LoginAuthenticationFilter@9d2c0ed, me.dyjeong365.springbootdeveloper.config.TokenAuthenticationFilter@121f9c52, org.springframework.security.web.savedrequest.RequestCacheAwareFilter@34525143, org.springframework.security.web.servletapi.SecurityContextHolderAwareRequestFilter@3c5cb013, org.springframework.security.web.authentication.AnonymousAuthenticationFilter@71842e18, org.springframework.security.web.session.SessionManagementFilter@5aa5b3af, org.springframework.security.web.access.ExceptionTranslationFilter@267e0ca0, org.springframework.security.web.access.intercept.AuthorizationFilter@2351255a]
2024-01-11T10:02:37.907+09:00  INFO 2901 --- [    Test worker] o.s.b.a.h2.H2ConsoleAutoConfiguration    : H2 console available at '/h2-console'. Database available at 'jdbc:h2:mem:8ffaa93a-2bc1-46c5-a8ee-ac1806a09c9d'
2024-01-11T10:02:37.934+09:00  WARN 2901 --- [    Test worker] o.s.s.c.a.web.builders.WebSecurity       : You are asking Spring Security to ignore org.springframework.boot.autoconfigure.security.servlet.PathRequest$H2ConsoleRequestMatcher@3c1ef806. This is not recommended -- please use permitAll via HttpSecurity#authorizeHttpRequests instead.
2024-01-11T10:02:37.934+09:00  INFO 2901 --- [    Test worker] o.s.s.web.DefaultSecurityFilterChain     : Will not secure org.springframework.boot.autoconfigure.security.servlet.PathRequest$H2ConsoleRequestMatcher@3c1ef806
2024-01-11T10:02:37.935+09:00  WARN 2901 --- [    Test worker] o.s.s.c.a.web.builders.WebSecurity       : You are asking Spring Security to ignore Mvc [pattern='/img/**']. This is not recommended -- please use permitAll via HttpSecurity#authorizeHttpRequests instead.
2024-01-11T10:02:37.935+09:00  INFO 2901 --- [    Test worker] o.s.s.web.DefaultSecurityFilterChain     : Will not secure Mvc [pattern='/img/**']
2024-01-11T10:02:37.935+09:00  WARN 2901 --- [    Test worker] o.s.s.c.a.web.builders.WebSecurity       : You are asking Spring Security to ignore Mvc [pattern='/css/**']. This is not recommended -- please use permitAll via HttpSecurity#authorizeHttpRequests instead.
2024-01-11T10:02:37.935+09:00  INFO 2901 --- [    Test worker] o.s.s.web.DefaultSecurityFilterChain     : Will not secure Mvc [pattern='/css/**']
2024-01-11T10:02:37.935+09:00  WARN 2901 --- [    Test worker] o.s.s.c.a.web.builders.WebSecurity       : You are asking Spring Security to ignore Mvc [pattern='/js/**']. This is not recommended -- please use permitAll via HttpSecurity#authorizeHttpRequests instead.
2024-01-11T10:02:37.935+09:00  INFO 2901 --- [    Test worker] o.s.s.web.DefaultSecurityFilterChain     : Will not secure Mvc [pattern='/js/**']
2024-01-11T10:02:37.980+09:00  INFO 2901 --- [    Test worker] .d.s.SpringbootDeveloperApplicationTests : Started SpringbootDeveloperApplicationTests in 1.996 seconds (process running for 2.515)
]]></system-out>
  <system-err><![CDATA[]]></system-err>
</testsuite>
